Build started 20/06/2015 21:33:13.
     1>Project "D:\UNIVERSITY\Esat\TERCERO\Prog_Motores_Grafic\Engine\EngineJ.LGeneric\gl_base\build\GLBase_ENGINE.vcxproj" on node 2 (Build target(s)).
     1>ClCompile:
         C:\Program Files (x86)\Microsoft Visual Studio 12.0\VC\bin\CL.exe /c /I"..\deps\glew-1.10.0\include" /I"..\deps\glfw-3.0.3\include" /I"..\deps\glm-0.9.4.6" /I..\deps\AntTweakBar\include /I..\include /Zi /nologo /W3 /WX- /Ox /Oi /Oy- /D GLEW_STATIC /D GLEW_NO_GLU /D _MBCS /GF /Gm- /EHsc /MD /GS /Gy /fp:precise /Zc:wchar_t /Zc:forScope /Fo"obj\Release\GLBase_ENGINE\\" /Fd"obj\Release\GLBase_ENGINE\vc120.pdb" /Gd /TP /analyze- /errorReport:prompt ..\src\SkyBox.cpp ..\src\Visitor.cpp
         SkyBox.cpp
     1>D:\UNIVERSITY\Esat\TERCERO\Prog_Motores_Grafic\Engine\EngineJ.LGeneric\gl_base\include\ESAT\core\Tools\LoadTextures.h(559): warning C4996: 'fopen': This function or variable may be unsafe. Consider using fopen_s instead. To disable deprecation, use _CRT_SECURE_NO_WARNINGS. See online help for details.
                 C:\Program Files (x86)\Microsoft Visual Studio 12.0\VC\include\stdio.h(211) : see declaration of 'fopen'
     1>D:\UNIVERSITY\Esat\TERCERO\Prog_Motores_Grafic\Engine\EngineJ.LGeneric\gl_base\include\ESAT\core\Tools\LoadTextures.h(621): warning C4996: 'fopen': This function or variable may be unsafe. Consider using fopen_s instead. To disable deprecation, use _CRT_SECURE_NO_WARNINGS. See online help for details.
                 C:\Program Files (x86)\Microsoft Visual Studio 12.0\VC\include\stdio.h(211) : see declaration of 'fopen'
     1>D:\UNIVERSITY\Esat\TERCERO\Prog_Motores_Grafic\Engine\EngineJ.LGeneric\gl_base\include\ESAT\core\Tools\LoadTextures.h(659): warning C4996: 'fopen': This function or variable may be unsafe. Consider using fopen_s instead. To disable deprecation, use _CRT_SECURE_NO_WARNINGS. See online help for details.
                 C:\Program Files (x86)\Microsoft Visual Studio 12.0\VC\include\stdio.h(211) : see declaration of 'fopen'
     1>D:\UNIVERSITY\Esat\TERCERO\Prog_Motores_Grafic\Engine\EngineJ.LGeneric\gl_base\include\ESAT\core\Tools\LoadTextures.h(4552): warning C4996: 'fopen': This function or variable may be unsafe. Consider using fopen_s instead. To disable deprecation, use _CRT_SECURE_NO_WARNINGS. See online help for details.
                 C:\Program Files (x86)\Microsoft Visual Studio 12.0\VC\include\stdio.h(211) : see declaration of 'fopen'
         Visitor.cpp
         Generating Code...
       Lib:
         C:\Program Files (x86)\Microsoft Visual Studio 12.0\VC\bin\Lib.exe /OUT:"bin\GLBase_ENGINE.lib" /NOLOGO obj\Release\GLBase_ENGINE\AttributeInfo.obj
         obj\Release\GLBase_ENGINE\Buffer.obj
         obj\Release\GLBase_ENGINE\Camera.obj
         obj\Release\GLBase_ENGINE\Drawable.obj
         obj\Release\GLBase_ENGINE\GPU.obj
         obj\Release\GLBase_ENGINE\Geometry.obj
         obj\Release\GLBase_ENGINE\Material.obj
         obj\Release\GLBase_ENGINE\MaterialSkyBox.obj
         obj\Release\GLBase_ENGINE\Material_01.obj
         obj\Release\GLBase_ENGINE\Material_Ambient.obj
         obj\Release\GLBase_ENGINE\Material_Diffuse.obj
         obj\Release\GLBase_ENGINE\Material_Shadow.obj
         obj\Release\GLBase_ENGINE\Material_Specular.obj
         obj\Release\GLBase_ENGINE\ShadowMaterialFinal.obj
         obj\Release\GLBase_ENGINE\Node.obj
         obj\Release\GLBase_ENGINE\ObjLoader.obj
         obj\Release\GLBase_ENGINE\SkyBox.obj
         obj\Release\GLBase_ENGINE\Texture.obj
         obj\Release\GLBase_ENGINE\UniformBlock.obj
         obj\Release\GLBase_ENGINE\UniformBlockIndex.obj
         obj\Release\GLBase_ENGINE\Visitor.obj
         obj\Release\GLBase_ENGINE\core_clock.obj
         obj\Release\GLBase_ENGINE\objeto.obj
         obj\Release\GLBase_ENGINE\script.obj
         obj\Release\GLBase_ENGINE\window.obj
         GLBase_ENGINE.vcxproj -> D:\UNIVERSITY\Esat\TERCERO\Prog_Motores_Grafic\Engine\EngineJ.LGeneric\gl_base\build\bin\GLBase_ENGINE.lib
     1>Done Building Project "D:\UNIVERSITY\Esat\TERCERO\Prog_Motores_Grafic\Engine\EngineJ.LGeneric\gl_base\build\GLBase_ENGINE.vcxproj" (Build target(s)).

Build succeeded.

Time Elapsed 00:00:01.91
